[2023-06-14 16:47:49,989]-[INFO]-[_internal.py]-[Line:224]-[Msg: * Restarting with stat]
[2023-06-14 16:47:52,018]-[WARNING]-[_internal.py]-[Line:224]-[Msg: * Debugger is active!]
[2023-06-14 16:47:52,023]-[INFO]-[_internal.py]-[Line:224]-[Msg: * Debugger PIN: 799-964-004]
[2023-06-14 16:48:55,519]-[DEBUG]-[factory.py]-[Line:76]-[Msg:Looking for locale `zh_CN` in provider `faker.providers.address`.]
[2023-06-14 16:48:55,535]-[DEBUG]-[factory.py]-[Line:95]-[Msg:Provider `faker.providers.address` has been localized to `zh_CN`.]
[2023-06-14 16:48:55,535]-[DEBUG]-[factory.py]-[Line:76]-[Msg:Looking for locale `zh_CN` in provider `faker.providers.automotive`.]
[2023-06-14 16:48:55,552]-[DEBUG]-[factory.py]-[Line:95]-[Msg:Provider `faker.providers.automotive` has been localized to `zh_CN`.]
[2023-06-14 16:48:55,552]-[DEBUG]-[factory.py]-[Line:76]-[Msg:Looking for locale `zh_CN` in provider `faker.providers.bank`.]
[2023-06-14 16:48:55,552]-[DEBUG]-[factory.py]-[Line:95]-[Msg:Provider `faker.providers.bank` has been localized to `zh_CN`.]
[2023-06-14 16:48:55,567]-[DEBUG]-[factory.py]-[Line:76]-[Msg:Looking for locale `zh_CN` in provider `faker.providers.barcode`.]
[2023-06-14 16:48:55,567]-[DEBUG]-[factory.py]-[Line:86]-[Msg:Specified locale `zh_CN` is not available for provider `faker.providers.barcode`. Locale reset to `en_US` for this provider.]
[2023-06-14 16:48:55,567]-[DEBUG]-[factory.py]-[Line:76]-[Msg:Looking for locale `zh_CN` in provider `faker.providers.color`.]
[2023-06-14 16:48:55,567]-[DEBUG]-[factory.py]-[Line:86]-[Msg:Specified locale `zh_CN` is not available for provider `faker.providers.color`. Locale reset to `en_US` for this provider.]
[2023-06-14 16:48:55,567]-[DEBUG]-[factory.py]-[Line:76]-[Msg:Looking for locale `zh_CN` in provider `faker.providers.company`.]
[2023-06-14 16:48:55,582]-[DEBUG]-[factory.py]-[Line:95]-[Msg:Provider `faker.providers.company` has been localized to `zh_CN`.]
[2023-06-14 16:48:55,582]-[DEBUG]-[factory.py]-[Line:76]-[Msg:Looking for locale `zh_CN` in provider `faker.providers.credit_card`.]
[2023-06-14 16:48:55,582]-[DEBUG]-[factory.py]-[Line:86]-[Msg:Specified locale `zh_CN` is not available for provider `faker.providers.credit_card`. Locale reset to `en_US` for this provider.]
[2023-06-14 16:48:55,582]-[DEBUG]-[factory.py]-[Line:76]-[Msg:Looking for locale `zh_CN` in provider `faker.providers.currency`.]
[2023-06-14 16:48:55,582]-[DEBUG]-[factory.py]-[Line:86]-[Msg:Specified locale `zh_CN` is not available for provider `faker.providers.currency`. Locale reset to `en_US` for this provider.]
[2023-06-14 16:48:55,598]-[DEBUG]-[factory.py]-[Line:76]-[Msg:Looking for locale `zh_CN` in provider `faker.providers.date_time`.]
[2023-06-14 16:48:55,598]-[DEBUG]-[factory.py]-[Line:95]-[Msg:Provider `faker.providers.date_time` has been localized to `zh_CN`.]
[2023-06-14 16:48:55,598]-[DEBUG]-[factory.py]-[Line:106]-[Msg:Provider `faker.providers.emoji` does not feature localization. Specified locale `zh_CN` is not utilized for this provider.]
[2023-06-14 16:48:55,598]-[DEBUG]-[factory.py]-[Line:106]-[Msg:Provider `faker.providers.file` does not feature localization. Specified locale `zh_CN` is not utilized for this provider.]
[2023-06-14 16:48:55,598]-[DEBUG]-[factory.py]-[Line:76]-[Msg:Looking for locale `zh_CN` in provider `faker.providers.geo`.]
[2023-06-14 16:48:55,598]-[DEBUG]-[factory.py]-[Line:86]-[Msg:Specified locale `zh_CN` is not available for provider `faker.providers.geo`. Locale reset to `en_US` for this provider.]
[2023-06-14 16:48:55,598]-[DEBUG]-[factory.py]-[Line:76]-[Msg:Looking for locale `zh_CN` in provider `faker.providers.internet`.]
[2023-06-14 16:48:55,598]-[DEBUG]-[factory.py]-[Line:95]-[Msg:Provider `faker.providers.internet` has been localized to `zh_CN`.]
[2023-06-14 16:48:55,598]-[DEBUG]-[factory.py]-[Line:106]-[Msg:Provider `faker.providers.isbn` does not feature localization. Specified locale `zh_CN` is not utilized for this provider.]
[2023-06-14 16:48:55,614]-[DEBUG]-[factory.py]-[Line:76]-[Msg:Looking for locale `zh_CN` in provider `faker.providers.job`.]
[2023-06-14 16:48:55,614]-[DEBUG]-[factory.py]-[Line:95]-[Msg:Provider `faker.providers.job` has been localized to `zh_CN`.]
[2023-06-14 16:48:55,614]-[DEBUG]-[factory.py]-[Line:76]-[Msg:Looking for locale `zh_CN` in provider `faker.providers.lorem`.]
[2023-06-14 16:48:55,614]-[DEBUG]-[factory.py]-[Line:95]-[Msg:Provider `faker.providers.lorem` has been localized to `zh_CN`.]
[2023-06-14 16:48:55,631]-[DEBUG]-[factory.py]-[Line:76]-[Msg:Looking for locale `zh_CN` in provider `faker.providers.misc`.]
[2023-06-14 16:48:55,631]-[DEBUG]-[factory.py]-[Line:86]-[Msg:Specified locale `zh_CN` is not available for provider `faker.providers.misc`. Locale reset to `en_US` for this provider.]
[2023-06-14 16:48:55,631]-[DEBUG]-[factory.py]-[Line:76]-[Msg:Looking for locale `zh_CN` in provider `faker.providers.passport`.]
[2023-06-14 16:48:55,631]-[DEBUG]-[factory.py]-[Line:86]-[Msg:Specified locale `zh_CN` is not available for provider `faker.providers.passport`. Locale reset to `en_US` for this provider.]
[2023-06-14 16:48:55,631]-[DEBUG]-[factory.py]-[Line:76]-[Msg:Looking for locale `zh_CN` in provider `faker.providers.person`.]
[2023-06-14 16:48:55,647]-[DEBUG]-[factory.py]-[Line:95]-[Msg:Provider `faker.providers.person` has been localized to `zh_CN`.]
[2023-06-14 16:48:55,647]-[DEBUG]-[factory.py]-[Line:76]-[Msg:Looking for locale `zh_CN` in provider `faker.providers.phone_number`.]
[2023-06-14 16:48:55,662]-[DEBUG]-[factory.py]-[Line:95]-[Msg:Provider `faker.providers.phone_number` has been localized to `zh_CN`.]
[2023-06-14 16:48:55,662]-[DEBUG]-[factory.py]-[Line:106]-[Msg:Provider `faker.providers.profile` does not feature localization. Specified locale `zh_CN` is not utilized for this provider.]
[2023-06-14 16:48:55,662]-[DEBUG]-[factory.py]-[Line:106]-[Msg:Provider `faker.providers.python` does not feature localization. Specified locale `zh_CN` is not utilized for this provider.]
[2023-06-14 16:48:55,662]-[DEBUG]-[factory.py]-[Line:106]-[Msg:Provider `faker.providers.sbn` does not feature localization. Specified locale `zh_CN` is not utilized for this provider.]
[2023-06-14 16:48:55,662]-[DEBUG]-[factory.py]-[Line:76]-[Msg:Looking for locale `zh_CN` in provider `faker.providers.ssn`.]
[2023-06-14 16:48:55,678]-[DEBUG]-[factory.py]-[Line:95]-[Msg:Provider `faker.providers.ssn` has been localized to `zh_CN`.]
[2023-06-14 16:48:55,694]-[DEBUG]-[factory.py]-[Line:106]-[Msg:Provider `faker.providers.user_agent` does not feature localization. Specified locale `zh_CN` is not utilized for this provider.]
[2023-06-14 16:48:55,725]-[DEBUG]-[factory.py]-[Line:76]-[Msg:Looking for locale `en_US` in provider `faker.providers.address`.]
[2023-06-14 16:48:55,741]-[DEBUG]-[factory.py]-[Line:95]-[Msg:Provider `faker.providers.address` has been localized to `en_US`.]
[2023-06-14 16:48:55,741]-[DEBUG]-[factory.py]-[Line:76]-[Msg:Looking for locale `en_US` in provider `faker.providers.automotive`.]
[2023-06-14 16:48:55,756]-[DEBUG]-[factory.py]-[Line:95]-[Msg:Provider `faker.providers.automotive` has been localized to `en_US`.]
[2023-06-14 16:48:55,756]-[DEBUG]-[factory.py]-[Line:76]-[Msg:Looking for locale `en_US` in provider `faker.providers.bank`.]
[2023-06-14 16:48:55,756]-[DEBUG]-[factory.py]-[Line:86]-[Msg:Specified locale `en_US` is not available for provider `faker.providers.bank`. Locale reset to `en_GB` for this provider.]
[2023-06-14 16:48:55,756]-[DEBUG]-[factory.py]-[Line:76]-[Msg:Looking for locale `en_US` in provider `faker.providers.barcode`.]
[2023-06-14 16:48:55,772]-[DEBUG]-[factory.py]-[Line:95]-[Msg:Provider `faker.providers.barcode` has been localized to `en_US`.]
[2023-06-14 16:48:55,772]-[DEBUG]-[factory.py]-[Line:76]-[Msg:Looking for locale `en_US` in provider `faker.providers.color`.]
[2023-06-14 16:48:55,772]-[DEBUG]-[factory.py]-[Line:95]-[Msg:Provider `faker.providers.color` has been localized to `en_US`.]
[2023-06-14 16:48:55,772]-[DEBUG]-[factory.py]-[Line:76]-[Msg:Looking for locale `en_US` in provider `faker.providers.company`.]
[2023-06-14 16:48:55,772]-[DEBUG]-[factory.py]-[Line:95]-[Msg:Provider `faker.providers.company` has been localized to `en_US`.]
[2023-06-14 16:48:55,772]-[DEBUG]-[factory.py]-[Line:76]-[Msg:Looking for locale `en_US` in provider `faker.providers.credit_card`.]
[2023-06-14 16:48:55,772]-[DEBUG]-[factory.py]-[Line:95]-[Msg:Provider `faker.providers.credit_card` has been localized to `en_US`.]
[2023-06-14 16:48:55,772]-[DEBUG]-[factory.py]-[Line:76]-[Msg:Looking for locale `en_US` in provider `faker.providers.currency`.]
[2023-06-14 16:48:55,772]-[DEBUG]-[factory.py]-[Line:95]-[Msg:Provider `faker.providers.currency` has been localized to `en_US`.]
[2023-06-14 16:48:55,772]-[DEBUG]-[factory.py]-[Line:76]-[Msg:Looking for locale `en_US` in provider `faker.providers.date_time`.]
[2023-06-14 16:48:55,787]-[DEBUG]-[factory.py]-[Line:95]-[Msg:Provider `faker.providers.date_time` has been localized to `en_US`.]
[2023-06-14 16:48:55,787]-[DEBUG]-[factory.py]-[Line:106]-[Msg:Provider `faker.providers.emoji` does not feature localization. Specified locale `en_US` is not utilized for this provider.]
[2023-06-14 16:48:55,787]-[DEBUG]-[factory.py]-[Line:106]-[Msg:Provider `faker.providers.file` does not feature localization. Specified locale `en_US` is not utilized for this provider.]
[2023-06-14 16:48:55,787]-[DEBUG]-[factory.py]-[Line:76]-[Msg:Looking for locale `en_US` in provider `faker.providers.geo`.]
[2023-06-14 16:48:55,787]-[DEBUG]-[factory.py]-[Line:95]-[Msg:Provider `faker.providers.geo` has been localized to `en_US`.]
[2023-06-14 16:48:55,787]-[DEBUG]-[factory.py]-[Line:76]-[Msg:Looking for locale `en_US` in provider `faker.providers.internet`.]
[2023-06-14 16:48:55,803]-[DEBUG]-[factory.py]-[Line:95]-[Msg:Provider `faker.providers.internet` has been localized to `en_US`.]
[2023-06-14 16:48:55,803]-[DEBUG]-[factory.py]-[Line:106]-[Msg:Provider `faker.providers.isbn` does not feature localization. Specified locale `en_US` is not utilized for this provider.]
[2023-06-14 16:48:55,803]-[DEBUG]-[factory.py]-[Line:76]-[Msg:Looking for locale `en_US` in provider `faker.providers.job`.]
[2023-06-14 16:48:55,803]-[DEBUG]-[factory.py]-[Line:95]-[Msg:Provider `faker.providers.job` has been localized to `en_US`.]
[2023-06-14 16:48:55,803]-[DEBUG]-[factory.py]-[Line:76]-[Msg:Looking for locale `en_US` in provider `faker.providers.lorem`.]
[2023-06-14 16:48:55,819]-[DEBUG]-[factory.py]-[Line:95]-[Msg:Provider `faker.providers.lorem` has been localized to `en_US`.]
[2023-06-14 16:48:55,819]-[DEBUG]-[factory.py]-[Line:76]-[Msg:Looking for locale `en_US` in provider `faker.providers.misc`.]
[2023-06-14 16:48:55,819]-[DEBUG]-[factory.py]-[Line:95]-[Msg:Provider `faker.providers.misc` has been localized to `en_US`.]
[2023-06-14 16:48:55,819]-[DEBUG]-[factory.py]-[Line:76]-[Msg:Looking for locale `en_US` in provider `faker.providers.passport`.]
[2023-06-14 16:48:55,819]-[DEBUG]-[factory.py]-[Line:95]-[Msg:Provider `faker.providers.passport` has been localized to `en_US`.]
[2023-06-14 16:48:55,819]-[DEBUG]-[factory.py]-[Line:76]-[Msg:Looking for locale `en_US` in provider `faker.providers.person`.]
[2023-06-14 16:48:55,835]-[DEBUG]-[factory.py]-[Line:95]-[Msg:Provider `faker.providers.person` has been localized to `en_US`.]
[2023-06-14 16:48:55,835]-[DEBUG]-[factory.py]-[Line:76]-[Msg:Looking for locale `en_US` in provider `faker.providers.phone_number`.]
[2023-06-14 16:48:55,851]-[DEBUG]-[factory.py]-[Line:95]-[Msg:Provider `faker.providers.phone_number` has been localized to `en_US`.]
[2023-06-14 16:48:55,851]-[DEBUG]-[factory.py]-[Line:106]-[Msg:Provider `faker.providers.profile` does not feature localization. Specified locale `en_US` is not utilized for this provider.]
[2023-06-14 16:48:55,851]-[DEBUG]-[factory.py]-[Line:106]-[Msg:Provider `faker.providers.python` does not feature localization. Specified locale `en_US` is not utilized for this provider.]
[2023-06-14 16:48:55,851]-[DEBUG]-[factory.py]-[Line:106]-[Msg:Provider `faker.providers.sbn` does not feature localization. Specified locale `en_US` is not utilized for this provider.]
[2023-06-14 16:48:55,851]-[DEBUG]-[factory.py]-[Line:76]-[Msg:Looking for locale `en_US` in provider `faker.providers.ssn`.]
[2023-06-14 16:48:55,851]-[DEBUG]-[factory.py]-[Line:95]-[Msg:Provider `faker.providers.ssn` has been localized to `en_US`.]
[2023-06-14 16:48:55,851]-[DEBUG]-[factory.py]-[Line:106]-[Msg:Provider `faker.providers.user_agent` does not feature localization. Specified locale `en_US` is not utilized for this provider.]
[2023-06-14 16:48:57,129]-[DEBUG]-[auth.py]-[Line:72]-[Msg:用户user登录成功]
[2023-06-14 16:48:57,402]-[DEBUG]-[auth.py]-[Line:25]-[Msg:用户id:1653305391263649792解析token成功]
[2023-06-14 16:48:57,434]-[DEBUG]-[auth.py]-[Line:44]-[Msg:用户user鉴权成功]
[2023-06-14 16:48:57,434]-[DEBUG]-[user_info.py]-[Line:23]-[Msg:用户user获取用户信息成功]
[2023-06-14 16:48:57,497]-[DEBUG]-[auth.py]-[Line:25]-[Msg:用户id:1653305391263649792解析token成功]
[2023-06-14 16:48:57,544]-[DEBUG]-[auth.py]-[Line:44]-[Msg:用户user鉴权成功]
[2023-06-14 16:48:57,640]-[DEBUG]-[auth.py]-[Line:25]-[Msg:用户id:1653305391263649792解析token成功]
[2023-06-14 16:48:57,671]-[DEBUG]-[auth.py]-[Line:44]-[Msg:用户user鉴权成功]
[2023-06-14 16:48:57,750]-[DEBUG]-[user_nickname.py]-[Line:19]-[Msg:用户user修改昵称成功]
[2023-06-14 16:48:57,814]-[DEBUG]-[auth.py]-[Line:25]-[Msg:用户id:1653305391263649792解析token成功]
[2023-06-14 16:48:57,846]-[DEBUG]-[auth.py]-[Line:44]-[Msg:用户user鉴权成功]
[2023-06-14 16:48:58,586]-[DEBUG]-[user_password.py]-[Line:24]-[Msg:用户user修改密码成功]
[2023-06-14 16:48:58,633]-[DEBUG]-[auth.py]-[Line:25]-[Msg:用户id:1653305391263649792解析token成功]
[2023-06-14 16:48:58,664]-[DEBUG]-[auth.py]-[Line:44]-[Msg:用户user鉴权成功]
[2023-06-14 16:48:59,082]-[DEBUG]-[auth.py]-[Line:25]-[Msg:用户id:1653305391263649792解析token成功]
[2023-06-14 16:48:59,098]-[DEBUG]-[auth.py]-[Line:44]-[Msg:用户user鉴权成功]
[2023-06-14 16:48:59,747]-[DEBUG]-[auth.py]-[Line:25]-[Msg:用户id:1653305391263649792解析token成功]
[2023-06-14 16:48:59,778]-[DEBUG]-[auth.py]-[Line:44]-[Msg:用户user鉴权成功]
[2023-06-14 16:48:59,778]-[DEBUG]-[connectionpool.py]-[Line:1003]-[Msg:Starting new HTTPS connection (1): uc.qbox.me:443]
[2023-06-14 16:48:59,919]-[DEBUG]-[connectionpool.py]-[Line:456]-[Msg:https://uc.qbox.me:443 "GET /v1/query?ak=FU5sKsfrD422VmfLSxCm6AxnjNHxUA_VYf1xdT1b&bucket=mewstore HTTP/1.1" 200 650]
[2023-06-14 16:48:59,919]-[DEBUG]-[retry.py]-[Line:351]-[Msg:Converted retries value: 3 -> Retry(total=3, connect=None, read=None, redirect=None, status=None)]
[2023-06-14 16:48:59,919]-[DEBUG]-[connectionpool.py]-[Line:228]-[Msg:Starting new HTTP connection (1): up-cn-east-2.qiniup.com:80]
[2023-06-14 16:49:04,583]-[DEBUG]-[connectionpool.py]-[Line:456]-[Msg:http://up-cn-east-2.qiniup.com:80 "POST / HTTP/1.1" 200 76]
[2023-06-14 16:49:04,679]-[DEBUG]-[user_profile_photo.py]-[Line:21]-[Msg:用户user修改头像成功]
[2023-06-14 16:49:04,743]-[DEBUG]-[auth.py]-[Line:25]-[Msg:用户id:1653305391263649792解析token成功]
[2023-06-14 16:49:04,775]-[DEBUG]-[auth.py]-[Line:44]-[Msg:用户user鉴权成功]
[2023-06-14 16:49:04,887]-[DEBUG]-[user_money.py]-[Line:27]-[Msg:用户user充值成功]
[2023-06-14 16:49:04,949]-[DEBUG]-[auth.py]-[Line:25]-[Msg:用户id:1653305391263649792解析token成功]
[2023-06-14 16:49:04,980]-[DEBUG]-[auth.py]-[Line:44]-[Msg:用户user鉴权成功]
[2023-06-14 16:49:05,091]-[DEBUG]-[user_money.py]-[Line:33]-[Msg:用户user提现成功]
[2023-06-14 16:49:05,140]-[DEBUG]-[auth.py]-[Line:25]-[Msg:用户id:1653305391263649792解析token成功]
[2023-06-14 16:49:05,173]-[DEBUG]-[auth.py]-[Line:44]-[Msg:用户user鉴权成功]
[2023-06-14 16:49:05,239]-[DEBUG]-[auth.py]-[Line:25]-[Msg:用户id:1653305391263649792解析token成功]
[2023-06-14 16:49:05,270]-[DEBUG]-[auth.py]-[Line:44]-[Msg:用户user鉴权成功]
[2023-06-14 16:49:05,332]-[DEBUG]-[auth.py]-[Line:25]-[Msg:用户id:1653305391263649792解析token成功]
[2023-06-14 16:49:05,364]-[DEBUG]-[auth.py]-[Line:44]-[Msg:用户user鉴权成功]
[2023-06-14 16:49:05,458]-[DEBUG]-[auth.py]-[Line:25]-[Msg:用户id:1653305391263649792解析token成功]
[2023-06-14 16:49:05,474]-[DEBUG]-[auth.py]-[Line:44]-[Msg:用户user鉴权成功]
[2023-06-14 16:49:05,538]-[DEBUG]-[auth.py]-[Line:25]-[Msg:用户id:1653305391263649792解析token成功]
[2023-06-14 16:49:05,570]-[DEBUG]-[auth.py]-[Line:44]-[Msg:用户user鉴权成功]
[2023-06-14 16:49:05,663]-[DEBUG]-[auth.py]-[Line:25]-[Msg:用户id:1653305391263649792解析token成功]
[2023-06-14 16:49:05,679]-[DEBUG]-[auth.py]-[Line:44]-[Msg:用户user鉴权成功]
[2023-06-14 16:49:06,185]-[DEBUG]-[connectionpool.py]-[Line:456]-[Msg:http://up-cn-east-2.qiniup.com:80 "POST / HTTP/1.1" 200 76]
[2023-06-14 16:49:06,185]-[DEBUG]-[picture.py]-[Line:26]-[Msg:用户user上传图片http://qiniuyun.mewtopia.cn/FgQuh8Z8hTTTHt4pMtSlsiugZfHk成功]
[2023-06-14 16:49:06,249]-[DEBUG]-[auth.py]-[Line:25]-[Msg:用户id:1653305391263649792解析token成功]
[2023-06-14 16:49:06,281]-[DEBUG]-[auth.py]-[Line:44]-[Msg:用户user鉴权成功]
[2023-06-14 16:49:06,343]-[DEBUG]-[history.py]-[Line:35]-[Msg:用户1653305391263649792获取与用户1653305391263649792的历史消息]
[2023-06-14 16:49:06,405]-[DEBUG]-[auth.py]-[Line:25]-[Msg:用户id:1653305391263649792解析token成功]
[2023-06-14 16:49:06,422]-[DEBUG]-[auth.py]-[Line:44]-[Msg:用户user鉴权成功]
[2023-06-14 16:49:06,519]-[DEBUG]-[auth.py]-[Line:25]-[Msg:用户id:1653305391263649792解析token成功]
[2023-06-14 16:49:06,551]-[DEBUG]-[auth.py]-[Line:44]-[Msg:用户user鉴权成功]
[2023-06-14 16:49:06,753]-[DEBUG]-[list.py]-[Line:50]-[Msg:用户1653305391263649792获取消息列表]
[2023-06-14 16:49:06,879]-[DEBUG]-[good_info.py]-[Line:23]-[Msg:获取商品1654432305042825216信息成功]
[2023-06-14 16:49:06,925]-[DEBUG]-[auth.py]-[Line:25]-[Msg:用户id:1653305391263649792解析token成功]
[2023-06-14 16:49:06,957]-[DEBUG]-[auth.py]-[Line:44]-[Msg:用户user鉴权成功]
[2023-06-14 16:49:07,576]-[DEBUG]-[connectionpool.py]-[Line:456]-[Msg:http://up-cn-east-2.qiniup.com:80 "POST / HTTP/1.1" 200 76]
[2023-06-14 16:49:08,087]-[DEBUG]-[connectionpool.py]-[Line:456]-[Msg:http://up-cn-east-2.qiniup.com:80 "POST / HTTP/1.1" 200 76]
[2023-06-14 16:49:08,198]-[DEBUG]-[good_add.py]-[Line:58]-[Msg:用户user创建商品男人信息成功]
[2023-06-14 16:49:08,277]-[DEBUG]-[auth.py]-[Line:25]-[Msg:用户id:1653305391263649792解析token成功]
[2023-06-14 16:49:08,309]-[DEBUG]-[auth.py]-[Line:44]-[Msg:用户user鉴权成功]
[2023-06-14 16:49:08,403]-[DEBUG]-[auth.py]-[Line:25]-[Msg:用户id:1653305391263649792解析token成功]
[2023-06-14 16:49:08,434]-[DEBUG]-[auth.py]-[Line:44]-[Msg:用户user鉴权成功]
[2023-06-14 16:49:08,578]-[DEBUG]-[good_delete.py]-[Line:26]-[Msg:用户user删除商品3020175206707765248成功]
[2023-06-14 16:49:08,640]-[DEBUG]-[auth.py]-[Line:25]-[Msg:用户id:1653305391263649792解析token成功]
[2023-06-14 16:49:08,671]-[DEBUG]-[auth.py]-[Line:44]-[Msg:用户user鉴权成功]
[2023-06-14 16:49:08,752]-[DEBUG]-[auth.py]-[Line:25]-[Msg:用户id:1653305391263649792解析token成功]
[2023-06-14 16:49:08,768]-[DEBUG]-[auth.py]-[Line:44]-[Msg:用户user鉴权成功]
[2023-06-14 16:49:09,450]-[DEBUG]-[connectionpool.py]-[Line:456]-[Msg:http://up-cn-east-2.qiniup.com:80 "POST / HTTP/1.1" 200 76]
[2023-06-14 16:49:09,945]-[DEBUG]-[connectionpool.py]-[Line:456]-[Msg:http://up-cn-east-2.qiniup.com:80 "POST / HTTP/1.1" 200 76]
[2023-06-14 16:49:10,071]-[DEBUG]-[good_update.py]-[Line:62]-[Msg:用户user修改商品1654432305042825216信息成功]
[2023-06-14 16:49:10,121]-[DEBUG]-[auth.py]-[Line:25]-[Msg:用户id:1653305391263649792解析token成功]
[2023-06-14 16:49:10,154]-[DEBUG]-[auth.py]-[Line:44]-[Msg:用户user鉴权成功]
[2023-06-14 16:49:10,299]-[DEBUG]-[favorite_get.py]-[Line:30]-[Msg:用户user查询收藏的商品成功]
[2023-06-14 16:49:10,361]-[DEBUG]-[auth.py]-[Line:25]-[Msg:用户id:1653305391263649792解析token成功]
[2023-06-14 16:49:10,392]-[DEBUG]-[auth.py]-[Line:44]-[Msg:用户user鉴权成功]
[2023-06-14 16:49:10,471]-[DEBUG]-[auth.py]-[Line:25]-[Msg:用户id:1653305391263649792解析token成功]
[2023-06-14 16:49:10,502]-[DEBUG]-[auth.py]-[Line:44]-[Msg:用户user鉴权成功]
[2023-06-14 16:49:10,566]-[DEBUG]-[sell.py]-[Line:27]-[Msg:用户user获取出售商品成功]
[2023-06-14 16:49:10,629]-[DEBUG]-[auth.py]-[Line:25]-[Msg:用户id:1653305391263649792解析token成功]
[2023-06-14 16:49:10,660]-[DEBUG]-[auth.py]-[Line:44]-[Msg:用户user鉴权成功]
[2023-06-14 16:49:11,010]-[DEBUG]-[guess.py]-[Line:53]-[Msg:用户user获取猜你喜欢商品成功]
[2023-06-14 16:49:11,215]-[DEBUG]-[homepage.py]-[Line:27]-[Msg:获取首页商品成功]
[2023-06-14 16:49:11,394]-[DEBUG]-[search.py]-[Line:38]-[Msg:获取搜索商品成功]
